tabsp/app/build/intermediates/manifest_merge_blame_file/standardCommonMatrixUiRelease/manifest-merger-blame-standard-commonMatrixUi-release-report.txt
1<?xml version="1.0" encoding="utf-8"?>
2<manifest xmlns:android="http://schemas.android.com/apk/res/android"
3    package="com.sunmnet.mediaroom.tabsp"
4    android:sharedUserId="android.uid.system"
5    android:versionCode="200101001"
6    android:versionName="MR_TABSP_4.0.6.230414_standardCommonMatrixUi_beta" >
7
8    <uses-sdk
9        android:minSdkVersion="21"
9-->src/main/AndroidManifest.xml
10        android:targetSdkVersion="30" />
10-->src/main/AndroidManifest.xml
11
12    <uses-permission android:name="android.permission.INSTALL_PACKAGES" />
12-->src/main/AndroidManifest.xml:6:5-75
12-->src/main/AndroidManifest.xml:6:22-72
13    <!-- android:sharedUserId="android.uid.system" -->
14    <uses-permission android:name="android.permission.INTERACT_ACROSS_USERS" />
14-->src/main/AndroidManifest.xml:8:5-80
14-->src/main/AndroidManifest.xml:8:22-77
15    <uses-permission android:name="android.permission.MODIFY_AUDIO_SETTINGS" />
15-->src/main/AndroidManifest.xml:9:5-80
15-->src/main/AndroidManifest.xml:9:22-77
16    <uses-permission android:name="android.permission.ACCESS_NETWORK_STATE" />
16-->src/main/AndroidManifest.xml:10:5-79
16-->src/main/AndroidManifest.xml:10:22-76
17    <uses-permission android:name="android.permission.ACCESS_WIFI_STATE" />
17-->src/main/AndroidManifest.xml:11:5-76
17-->src/main/AndroidManifest.xml:11:22-73
18    <uses-permission android:name="android.permission.INTERNET" />
18-->src/main/AndroidManifest.xml:12:5-67
18-->src/main/AndroidManifest.xml:12:22-64
19    <uses-permission android:name="android.permission.REBOOT" />
19-->src/main/AndroidManifest.xml:13:5-65
19-->src/main/AndroidManifest.xml:13:22-62
20    <uses-permission android:name="android.permission.WRITE_EXTERNAL_STORAGE" />
20-->src/main/AndroidManifest.xml:14:5-81
20-->src/main/AndroidManifest.xml:14:22-78
21    <uses-permission android:name="android.permission.READ_EXTERNAL_STORAGE" />
21-->src/main/AndroidManifest.xml:15:5-80
21-->src/main/AndroidManifest.xml:15:22-77
22    <uses-permission android:name="android.permission.WRITE_SETTINGS" />
22-->src/main/AndroidManifest.xml:16:5-73
22-->src/main/AndroidManifest.xml:16:22-70
23    <uses-permission android:name="android.permission.WRITE_SECURE_SETTINGS" />
23-->src/main/AndroidManifest.xml:17:5-80
23-->src/main/AndroidManifest.xml:17:22-77
24    <uses-permission android:name="android.permission.SET_TIME" />
24-->src/main/AndroidManifest.xml:18:5-67
24-->src/main/AndroidManifest.xml:18:22-64
25    <uses-permission android:name="android.permission.RECEIVE_BOOT_COMPLETED" />
25-->src/main/AndroidManifest.xml:19:5-81
25-->src/main/AndroidManifest.xml:19:22-78
26    <uses-permission android:name="android.permission.WAKE_LOCK" />
26-->src/main/AndroidManifest.xml:20:5-68
26-->src/main/AndroidManifest.xml:20:22-65
27    <uses-permission android:name="android.permission.DISABLE_KEYGUARD" />
27-->src/main/AndroidManifest.xml:21:5-75
27-->src/main/AndroidManifest.xml:21:22-72
28
29    <application
29-->src/main/AndroidManifest.xml:23:5-67:19
30        android:name="com.sunmnet.mediaroom.tabsp.TabspApplication"
30-->src/main/AndroidManifest.xml:24:9-41
31        android:allowBackup="true"
31-->src/main/AndroidManifest.xml:25:9-35
32        android:appComponentFactory="android.support.v4.app.CoreComponentFactory"
32-->[com.android.support:support-compat:28.0.0] AndroidManifest.xml:22:18-91
33        android:icon="@mipmap/ic_launcher"
33-->src/main/AndroidManifest.xml:26:9-43
34        android:label="@string/app_name"
34-->src/main/AndroidManifest.xml:27:9-41
35        android:roundIcon="@mipmap/ic_launcher_round"
35-->src/main/AndroidManifest.xml:28:9-54
36        android:screenOrientation="landscape"
36-->src/main/AndroidManifest.xml:29:9-46
37        android:supportsRtl="true"
37-->src/main/AndroidManifest.xml:30:9-35
38        android:theme="@style/BaseAppTheme" >
38-->src/main/AndroidManifest.xml:31:9-44
39        <meta-data
40            android:name="versionDescription"
40-->src/main/AndroidManifest.xml:33:13-46
41            android:value="230414175740" />
41-->src/main/AndroidManifest.xml:34:13-50
42
43        <activity
43-->src/main/AndroidManifest.xml:36:9-46:20
44            android:name="com.sunmnet.mediaroom.tabsp.ui.DispatcherActivity"
44-->src/main/AndroidManifest.xml:37:13-77
45            android:windowSoftInputMode="adjustPan|stateHidden" >
45-->src/main/AndroidManifest.xml:38:13-64
46            <intent-filter>
46-->src/main/AndroidManifest.xml:39:13-45:29
47                <action android:name="android.intent.action.MAIN" />
47-->src/main/AndroidManifest.xml:40:17-69
47-->src/main/AndroidManifest.xml:40:25-66
48
49                <category android:name="android.intent.category.LAUNCHER" />
49-->src/main/AndroidManifest.xml:42:17-77
49-->src/main/AndroidManifest.xml:42:27-74
50                <category android:name="android.intent.category.HOME" />
50-->src/main/AndroidManifest.xml:43:17-73
50-->src/main/AndroidManifest.xml:43:27-70
51                <category android:name="android.intent.category.DEFAULT" />
51-->src/main/AndroidManifest.xml:44:17-76
51-->src/main/AndroidManifest.xml:44:27-73
52            </intent-filter>
53        </activity>
54        <!--
55        <activity android:name="com.bozee.managerapp.WirelessActivity">
56            <intent-filter>
57                <action android:name="android.intent.action.MAIN" />
58
59                <category android:name="android.intent.category.LAUNCHER" />
60            </intent-filter>
61        </activity>
62        -->
63
64        <receiver android:name="com.sunmnet.mediaroom.tabsp.BootBroadcast" >
64-->src/main/AndroidManifest.xml:55:9-60:20
64-->src/main/AndroidManifest.xml:55:19-48
65            <intent-filter>
65-->src/main/AndroidManifest.xml:56:13-59:29
66                <action android:name="android.intent.action.BOOT_COMPLETED" />
66-->src/main/AndroidManifest.xml:57:17-79
66-->src/main/AndroidManifest.xml:57:25-76
67
68                <category android:name="android.intent.category.HOME" />
68-->src/main/AndroidManifest.xml:43:17-73
68-->src/main/AndroidManifest.xml:43:27-70
69            </intent-filter>
70        </receiver>
71        <receiver android:name="com.sunmnet.mediaroom.tabsp.UpgradeReceiver" >
71-->src/main/AndroidManifest.xml:61:9-66:20
71-->src/main/AndroidManifest.xml:61:19-50
72            <intent-filter>
72-->src/main/AndroidManifest.xml:62:13-65:29
73                <action android:name="android.intent.action.PACKAGE_REPLACED" />
73-->src/main/AndroidManifest.xml:63:17-81
73-->src/main/AndroidManifest.xml:63:25-78
74
75                <data android:scheme="package" />
75-->src/main/AndroidManifest.xml:64:17-50
75-->src/main/AndroidManifest.xml:64:23-47
76            </intent-filter>
77        </receiver>
78
79        <service android:name="com.sunmnet.mediaroom.common.service.BellService" />
79-->[:Common] AndroidManifest.xml:13:9-84
79-->[:Common] AndroidManifest.xml:13:18-81
80
81        <activity
81-->[:ijkplayer] AndroidManifest.xml:16:9-22:20
82            android:name="tv.danmaku.ijk.media.player_lib.activities.RecentMediaActivity"
82-->[:ijkplayer] AndroidManifest.xml:17:13-90
83            android:configChanges="orientation|keyboardHidden|screenSize"
83-->[:ijkplayer] AndroidManifest.xml:18:13-74
84            android:label="@string/app_name"
84-->[:ijkplayer] AndroidManifest.xml:19:13-45
85            android:screenOrientation="user"
85-->[:ijkplayer] AndroidManifest.xml:20:13-45
86            android:theme="@style/AppTheme" >
86-->[:ijkplayer] AndroidManifest.xml:21:13-44
87        </activity>
88        <activity
88-->[:ijkplayer] AndroidManifest.xml:23:9-29:20
89            android:name="tv.danmaku.ijk.media.player_lib.activities.VideoActivity"
89-->[:ijkplayer] AndroidManifest.xml:24:13-84
90            android:configChanges="orientation|keyboardHidden|screenSize"
90-->[:ijkplayer] AndroidManifest.xml:25:13-74
91            android:label="@string/app_name"
91-->[:ijkplayer] AndroidManifest.xml:26:13-45
92            android:screenOrientation="user"
92-->[:ijkplayer] AndroidManifest.xml:27:13-45
93            android:theme="@style/FullscreenTheme" >
93-->[:ijkplayer] AndroidManifest.xml:28:13-51
94        </activity>
95        <activity
95-->[:ijkplayer] AndroidManifest.xml:30:9-36:20
96            android:name="tv.danmaku.ijk.media.player_lib.activities.VideoActivity2"
96-->[:ijkplayer] AndroidManifest.xml:31:13-85
97            android:configChanges="orientation|keyboardHidden|screenSize"
97-->[:ijkplayer] AndroidManifest.xml:32:13-74
98            android:label="@string/app_name"
98-->[:ijkplayer] AndroidManifest.xml:33:13-45
99            android:screenOrientation="user"
99-->[:ijkplayer] AndroidManifest.xml:34:13-45
100            android:theme="@style/FullscreenTheme" >
100-->[:ijkplayer] AndroidManifest.xml:35:13-51
101        </activity>
102
103        <service
103-->[:ijkplayer] AndroidManifest.xml:38:9-43:19
104            android:name="tv.danmaku.ijk.media.player_lib.services.MediaPlayerService"
104-->[:ijkplayer] AndroidManifest.xml:39:13-87
105            android:enabled="false"
105-->[:ijkplayer] AndroidManifest.xml:40:13-36
106            android:exported="false"
106-->[:ijkplayer] AndroidManifest.xml:41:13-37
107            android:label="@string/app_name" >
107-->[:ijkplayer] AndroidManifest.xml:42:13-45
108        </service>
109        <service
109-->[com.luffykou:android-common-utils:1.1.3] AndroidManifest.xml:14:9-21:19
110            android:name="com.litesuits.common.service.NotificationService"
110-->[com.luffykou:android-common-utils:1.1.3] AndroidManifest.xml:15:13-76
111            android:label="@string/app_name"
111-->[com.luffykou:android-common-utils:1.1.3] AndroidManifest.xml:16:13-45
112            android:permission="android.permission.BIND_NOTIFICATION_LISTENER_SERVICE" >
112-->[com.luffykou:android-common-utils:1.1.3] AndroidManifest.xml:17:13-87
113            <intent-filter>
113-->[com.luffykou:android-common-utils:1.1.3] AndroidManifest.xml:18:13-20:29
114                <action android:name="android.service.notification.NotificationListenerService" />
114-->[com.luffykou:android-common-utils:1.1.3] AndroidManifest.xml:19:17-99
114-->[com.luffykou:android-common-utils:1.1.3] AndroidManifest.xml:19:25-96
115            </intent-filter>
116        </service>
117    </application>
118
119</manifest>